<?xml version="1.0" encoding="UTF-8"?>
<testng-results ignored="0" total="7" passed="7" failed="0" skipped="0">
  <reporter-output>
  </reporter-output>
  <suite started-at="2024-11-02T12:27:36 BDT" name="All Test Suite" finished-at="2024-11-02T12:29:45 BDT" duration-ms="128426">
    <groups>
    </groups>
    <test started-at="2024-11-02T12:27:36 BDT" name="TestHomePage - homePageUrlAndPopupBannerTest" finished-at="2024-11-02T12:29:22 BDT" duration-ms="105734">
      <class name="testcases.TestHomePage">
        <test-method is-config="true" signature="openBrowser()[pri:0, instance:testcases.TestHomePage@1efe439d]" started-at="2024-11-02T12:27:37 BDT" name="openBrowser" finished-at="2024-11-02T12:27:43 BDT" duration-ms="6083" status="PASS">
          <reporter-output>
          </reporter-output>
        </test-method> <!-- openBrowser -->
        <test-method signature="testNavigateToHomePageAndHandlePopup()[pri:1, instance:testcases.TestHomePage@1efe439d]" started-at="2024-11-02T12:27:44 BDT" name="testNavigateToHomePageAndHandlePopup" description="Navigate to home page and handle the popup" finished-at="2024-11-02T12:28:03 BDT" duration-ms="19183" status="PASS">
          <reporter-output>
          </reporter-output>
        </test-method> <!-- testNavigateToHomePageAndHandlePopup -->
        <test-method is-config="true" signature="closeBrowser()[pri:0, instance:testcases.TestHomePage@1efe439d]" started-at="2024-11-02T12:28:03 BDT" name="closeBrowser" finished-at="2024-11-02T12:28:06 BDT" duration-ms="3232" status="PASS">
          <reporter-output>
          </reporter-output>
        </test-method> <!-- closeBrowser -->
        <test-method is-config="true" signature="openBrowser()[pri:0, instance:testcases.TestHomePage@1efe439d]" started-at="2024-11-02T12:28:06 BDT" name="openBrowser" finished-at="2024-11-02T12:28:13 BDT" duration-ms="6401" status="PASS">
          <reporter-output>
          </reporter-output>
        </test-method> <!-- openBrowser -->
        <test-method signature="testScrollToWriterListAndHover()[pri:2, instance:testcases.TestHomePage@1efe439d]" started-at="2024-11-02T12:28:13 BDT" name="testScrollToWriterListAndHover" description="Scroll to writer list and hover over the writer list" finished-at="2024-11-02T12:28:47 BDT" duration-ms="34121" status="PASS">
          <reporter-output>
          </reporter-output>
        </test-method> <!-- testScrollToWriterListAndHover -->
        <test-method is-config="true" signature="closeBrowser()[pri:0, instance:testcases.TestHomePage@1efe439d]" started-at="2024-11-02T12:28:47 BDT" name="closeBrowser" finished-at="2024-11-02T12:28:48 BDT" duration-ms="1202" status="PASS">
          <reporter-output>
          </reporter-output>
        </test-method> <!-- closeBrowser -->
        <test-method is-config="true" signature="openBrowser()[pri:0, instance:testcases.TestHomePage@1efe439d]" started-at="2024-11-02T12:28:48 BDT" name="openBrowser" finished-at="2024-11-02T12:28:51 BDT" duration-ms="3317" status="PASS">
          <reporter-output>
          </reporter-output>
        </test-method> <!-- openBrowser -->
        <test-method signature="testNavigateToNextPage()[pri:3, instance:testcases.TestHomePage@1efe439d]" started-at="2024-11-02T12:28:51 BDT" name="testNavigateToNextPage" description="Navigate to the next page" finished-at="2024-11-02T12:29:01 BDT" duration-ms="9614" status="PASS">
          <reporter-output>
          </reporter-output>
        </test-method> <!-- testNavigateToNextPage -->
        <test-method is-config="true" signature="closeBrowser()[pri:0, instance:testcases.TestHomePage@1efe439d]" started-at="2024-11-02T12:29:01 BDT" name="closeBrowser" finished-at="2024-11-02T12:29:02 BDT" duration-ms="1047" status="PASS">
          <reporter-output>
          </reporter-output>
        </test-method> <!-- closeBrowser -->
        <test-method is-config="true" signature="openBrowser()[pri:0, instance:testcases.TestHomePage@1efe439d]" started-at="2024-11-02T12:29:02 BDT" name="openBrowser" finished-at="2024-11-02T12:29:05 BDT" duration-ms="2586" status="PASS">
          <reporter-output>
          </reporter-output>
        </test-method> <!-- openBrowser -->
        <test-method signature="testAddItemToCart()[pri:4, instance:testcases.TestHomePage@1efe439d]" started-at="2024-11-02T12:29:05 BDT" name="testAddItemToCart" description="Add an item to the cart" finished-at="2024-11-02T12:29:10 BDT" duration-ms="5115" status="PASS">
          <reporter-output>
          </reporter-output>
        </test-method> <!-- testAddItemToCart -->
        <test-method is-config="true" signature="closeBrowser()[pri:0, instance:testcases.TestHomePage@1efe439d]" started-at="2024-11-02T12:29:10 BDT" name="closeBrowser" finished-at="2024-11-02T12:29:11 BDT" duration-ms="1048" status="PASS">
          <reporter-output>
          </reporter-output>
        </test-method> <!-- closeBrowser -->
        <test-method is-config="true" signature="openBrowser()[pri:0, instance:testcases.TestHomePage@1efe439d]" started-at="2024-11-02T12:29:11 BDT" name="openBrowser" finished-at="2024-11-02T12:29:14 BDT" duration-ms="2647" status="PASS">
          <reporter-output>
          </reporter-output>
        </test-method> <!-- openBrowser -->
        <test-method signature="testNavigateToCartPage()[pri:5, instance:testcases.TestHomePage@1efe439d]" started-at="2024-11-02T12:29:14 BDT" name="testNavigateToCartPage" description="Navigate to the cart page" finished-at="2024-11-02T12:29:21 BDT" duration-ms="7500" status="PASS">
          <reporter-output>
          </reporter-output>
        </test-method> <!-- testNavigateToCartPage -->
        <test-method is-config="true" signature="closeBrowser()[pri:0, instance:testcases.TestHomePage@1efe439d]" started-at="2024-11-02T12:29:21 BDT" name="closeBrowser" finished-at="2024-11-02T12:29:22 BDT" duration-ms="1099" status="PASS">
          <reporter-output>
          </reporter-output>
        </test-method> <!-- closeBrowser -->
      </class> <!-- testcases.TestHomePage -->
    </test> <!-- TestHomePage - homePageUrlAndPopupBannerTest -->
    <test started-at="2024-11-02T12:29:22 BDT" name="TestCartPage - shippingPageInfoTest" finished-at="2024-11-02T12:29:45 BDT" duration-ms="22636">
      <class name="testcases.TestCartPage">
        <test-method is-config="true" signature="openBrowser()[pri:0, instance:testcases.TestCartPage@2c4d1ac]" started-at="2024-11-02T12:29:22 BDT" name="openBrowser" finished-at="2024-11-02T12:29:25 BDT" duration-ms="2458" status="PASS">
          <reporter-output>
          </reporter-output>
        </test-method> <!-- openBrowser -->
        <test-method signature="shippingPageInfoTest()[pri:6, instance:testcases.TestCartPage@2c4d1ac]" started-at="2024-11-02T12:29:25 BDT" name="shippingPageInfoTest" description="Test cart edit all info and test" finished-at="2024-11-02T12:29:32 BDT" duration-ms="7190" status="PASS">
          <reporter-output>
          </reporter-output>
        </test-method> <!-- shippingPageInfoTest -->
        <test-method is-config="true" signature="closeBrowser()[pri:0, instance:testcases.TestCartPage@2c4d1ac]" started-at="2024-11-02T12:29:32 BDT" name="closeBrowser" finished-at="2024-11-02T12:29:33 BDT" duration-ms="1036" status="PASS">
          <reporter-output>
          </reporter-output>
        </test-method> <!-- closeBrowser -->
        <test-method is-config="true" signature="openBrowser()[pri:0, instance:testcases.TestCartPage@2c4d1ac]" started-at="2024-11-02T12:29:33 BDT" name="openBrowser" finished-at="2024-11-02T12:29:36 BDT" duration-ms="2779" status="PASS">
          <reporter-output>
          </reporter-output>
        </test-method> <!-- openBrowser -->
        <test-method signature="testLogOut()[pri:7, instance:testcases.TestCartPage@2c4d1ac]" started-at="2024-11-02T12:29:36 BDT" name="testLogOut" description="Logs out of the account after testing cart page features" finished-at="2024-11-02T12:29:44 BDT" depends-on-methods="testcases.TestCartPage.shippingPageInfoTest" duration-ms="8078" status="PASS">
          <reporter-output>
          </reporter-output>
        </test-method> <!-- testLogOut -->
        <test-method is-config="true" signature="closeBrowser()[pri:0, instance:testcases.TestCartPage@2c4d1ac]" started-at="2024-11-02T12:29:44 BDT" name="closeBrowser" finished-at="2024-11-02T12:29:45 BDT" duration-ms="1070" status="PASS">
          <reporter-output>
          </reporter-output>
        </test-method> <!-- closeBrowser -->
      </class> <!-- testcases.TestCartPage -->
    </test> <!-- TestCartPage - shippingPageInfoTest -->
  </suite> <!-- All Test Suite -->
</testng-results>
