<?xml version="1.0" encoding="UTF-8"?>
<testng-results ignored="0" total="3" passed="2" failed="1" skipped="0">
  <reporter-output>
  </reporter-output>
  <suite started-at="2024-11-01T17:40:56 BDT" name="All Test Suite" finished-at="2024-11-01T17:42:24 BDT" duration-ms="88034">
    <groups>
    </groups>
    <test started-at="2024-11-01T17:40:56 BDT" name="TestHomePage - homePageUrlAndPopupBannerTest" finished-at="2024-11-01T17:42:02 BDT" duration-ms="66121">
      <class name="testcases.TestHomePage">
        <test-method is-config="true" signature="openBrowser()[pri:0, instance:testcases.TestHomePage@36060e]" started-at="2024-11-01T17:40:56 BDT" name="openBrowser" finished-at="2024-11-01T17:41:09 BDT" duration-ms="12880" status="PASS">
          <reporter-output>
          </reporter-output>
        </test-method> <!-- openBrowser -->
        <test-method signature="testHomePageFeatures()[pri:1, instance:testcases.TestHomePage@36060e]" started-at="2024-11-01T17:41:09 BDT" name="testHomePageFeatures" description="test main feature of the home page" finished-at="2024-11-01T17:42:01 BDT" duration-ms="51749" status="PASS">
          <reporter-output>
          </reporter-output>
        </test-method> <!-- testHomePageFeatures -->
        <test-method is-config="true" signature="closeBrowser()[pri:0, instance:testcases.TestHomePage@36060e]" started-at="2024-11-01T17:42:01 BDT" name="closeBrowser" finished-at="2024-11-01T17:42:02 BDT" duration-ms="1159" status="PASS">
          <reporter-output>
          </reporter-output>
        </test-method> <!-- closeBrowser -->
      </class> <!-- testcases.TestHomePage -->
    </test> <!-- TestHomePage - homePageUrlAndPopupBannerTest -->
    <test started-at="2024-11-01T17:42:02 BDT" name="TestCartPage - shippingPageInfoTest" finished-at="2024-11-01T17:42:24 BDT" duration-ms="21860">
      <class name="testcases.TestCartPage">
        <test-method is-config="true" signature="openBrowser()[pri:0, instance:testcases.TestCartPage@32c4e8b2]" started-at="2024-11-01T17:42:02 BDT" name="openBrowser" finished-at="2024-11-01T17:42:06 BDT" duration-ms="3696" status="PASS">
          <reporter-output>
          </reporter-output>
        </test-method> <!-- openBrowser -->
        <test-method signature="shippingPageInfoTest()[pri:2, instance:testcases.TestCartPage@32c4e8b2]" started-at="2024-11-01T17:42:06 BDT" name="shippingPageInfoTest" description="Test cart edit all info and test" finished-at="2024-11-01T17:42:13 BDT" duration-ms="7838" status="PASS">
          <reporter-output>
          </reporter-output>
        </test-method> <!-- shippingPageInfoTest -->
        <test-method is-config="true" signature="closeBrowser()[pri:0, instance:testcases.TestCartPage@32c4e8b2]" started-at="2024-11-01T17:42:14 BDT" name="closeBrowser" finished-at="2024-11-01T17:42:15 BDT" duration-ms="1991" status="PASS">
          <reporter-output>
          </reporter-output>
        </test-method> <!-- closeBrowser -->
        <test-method is-config="true" signature="openBrowser()[pri:0, instance:testcases.TestCartPage@32c4e8b2]" started-at="2024-11-01T17:42:16 BDT" name="openBrowser" finished-at="2024-11-01T17:42:19 BDT" duration-ms="3231" status="PASS">
          <reporter-output>
          </reporter-output>
        </test-method> <!-- openBrowser -->
        <test-method signature="testLogOut()[pri:3, instance:testcases.TestCartPage@32c4e8b2]" started-at="2024-11-01T17:42:19 BDT" name="testLogOut" description="Logs out of the account after testing cart page features" finished-at="2024-11-01T17:42:23 BDT" depends-on-methods="testcases.TestCartPage.shippingPageInfoTest" duration-ms="4003" status="FAIL">
          <exception class="java.lang.ClassCastException">
            <message>
              <![CDATA[class org.openqa.selenium.remote.RemoteWebElement cannot be cast to class org.openqa.selenium.By (org.openqa.selenium.remote.RemoteWebElement and org.openqa.selenium.By are in unnamed module of loader 'app')]]>
            </message>
            <full-stacktrace>
              <![CDATA[java.lang.ClassCastException: class org.openqa.selenium.remote.RemoteWebElement cannot be cast to class org.openqa.selenium.By (org.openqa.selenium.remote.RemoteWebElement and org.openqa.selenium.By are in unnamed module of loader 'app')
at testcases.TestCartPage.testLogOut(TestCartPage.java:71)
at java.base/jdk.internal.reflect.NativeMethodAccessorImpl.invoke0(Native Method)
at java.base/jdk.internal.reflect.NativeMethodAccessorImpl.invoke(NativeMethodAccessorImpl.java:62)
at java.base/jdk.internal.reflect.DelegatingMethodAccessorImpl.invoke(DelegatingMethodAccessorImpl.java:43)
at java.base/java.lang.reflect.Method.invoke(Method.java:566)
at org.testng.internal.invokers.MethodInvocationHelper.invokeMethod(MethodInvocationHelper.java:141)
at org.testng.internal.invokers.TestInvoker.invokeMethod(TestInvoker.java:686)
at org.testng.internal.invokers.TestInvoker.invokeTestMethod(TestInvoker.java:230)
at org.testng.internal.invokers.MethodRunner.runInSequence(MethodRunner.java:63)
at org.testng.internal.invokers.TestInvoker$MethodInvocationAgent.invoke(TestInvoker.java:992)
at org.testng.internal.invokers.TestInvoker.invokeTestMethods(TestInvoker.java:203)
at org.testng.internal.invokers.TestMethodWorker.invokeTestMethods(TestMethodWorker.java:154)
at org.testng.internal.invokers.TestMethodWorker.run(TestMethodWorker.java:134)
at java.base/java.util.ArrayList.forEach(ArrayList.java:1541)
at org.testng.TestRunner.privateRun(TestRunner.java:739)
at org.testng.TestRunner.run(TestRunner.java:614)
at org.testng.SuiteRunner.runTest(SuiteRunner.java:421)
at org.testng.SuiteRunner.runSequentially(SuiteRunner.java:413)
at org.testng.SuiteRunner.privateRun(SuiteRunner.java:373)
at org.testng.SuiteRunner.run(SuiteRunner.java:312)
at org.testng.SuiteRunnerWorker.runSuite(SuiteRunnerWorker.java:52)
at org.testng.SuiteRunnerWorker.run(SuiteRunnerWorker.java:95)
at org.testng.TestNG.runSuitesSequentially(TestNG.java:1274)
at org.testng.TestNG.runSuitesLocally(TestNG.java:1208)
at org.testng.TestNG.runSuites(TestNG.java:1112)
at org.testng.TestNG.run(TestNG.java:1079)
at org.apache.maven.surefire.testng.TestNGExecutor.run(TestNGExecutor.java:308)
at org.apache.maven.surefire.testng.TestNGXmlTestSuite.execute(TestNGXmlTestSuite.java:71)
at org.apache.maven.surefire.testng.TestNGProvider.invoke(TestNGProvider.java:113)
at org.apache.maven.surefire.booter.ForkedBooter.runSuitesInProcess(ForkedBooter.java:385)
at org.apache.maven.surefire.booter.ForkedBooter.execute(ForkedBooter.java:162)
at org.apache.maven.surefire.booter.ForkedBooter.run(ForkedBooter.java:507)
at org.apache.maven.surefire.booter.ForkedBooter.main(ForkedBooter.java:495)
]]>
            </full-stacktrace>
          </exception> <!-- java.lang.ClassCastException -->
          <reporter-output>
          </reporter-output>
        </test-method> <!-- testLogOut -->
        <test-method is-config="true" signature="closeBrowser()[pri:0, instance:testcases.TestCartPage@32c4e8b2]" started-at="2024-11-01T17:42:23 BDT" name="closeBrowser" finished-at="2024-11-01T17:42:24 BDT" duration-ms="1024" status="PASS">
          <reporter-output>
          </reporter-output>
        </test-method> <!-- closeBrowser -->
      </class> <!-- testcases.TestCartPage -->
    </test> <!-- TestCartPage - shippingPageInfoTest -->
  </suite> <!-- All Test Suite -->
</testng-results>
