<?xml version="1.0" encoding="UTF-8"?>
<testsuite xmlns:xsi="http://www.w3.org/2001/XMLSchema-instance" xsi:noNamespaceSchemaLocation="https://maven.apache.org/surefire/maven-surefire-plugin/xsd/surefire-test-report.xsd" version="3.0.2" name="TestSuite" time="131.317" tests="7" errors="0" skipped="0" failures="0">
  <properties>
[...]
</properties>
  <testcase name="testNavigateToHomePageAndHandlePopup" classname="testcases.TestHomePage" time="19.218">
    <system-err><![CDATA[SLF4J: Failed to load class "org.slf4j.impl.StaticLoggerBinder".
SLF4J: Defaulting to no-operation (NOP) logger implementation
SLF4J: See http://www.slf4j.org/codes.html#StaticLoggerBinder for further details.
Nov 02, 2024 12:27:42 PM org.openqa.selenium.devtools.CdpVersionFinder findNearestMatch
WARNING: Unable to find an exact match for CDP version 130, returning the closest version; found: 129; Please update to a Selenium version that supports CDP version 130
]]></system-err>
  </testcase>
  <testcase name="testScrollToWriterListAndHover" classname="testcases.TestHomePage" time="34.128">
    <system-err><![CDATA[Nov 02, 2024 12:28:13 PM org.openqa.selenium.devtools.CdpVersionFinder findNearestMatch
WARNING: Unable to find an exact match for CDP version 130, returning the closest version; found: 129; Please update to a Selenium version that supports CDP version 130
]]></system-err>
  </testcase>
  <testcase name="testNavigateToNextPage" classname="testcases.TestHomePage" time="9.618">
    <system-err><![CDATA[Nov 02, 2024 12:28:51 PM org.openqa.selenium.devtools.CdpVersionFinder findNearestMatch
WARNING: Unable to find an exact match for CDP version 130, returning the closest version; found: 129; Please update to a Selenium version that supports CDP version 130
]]></system-err>
  </testcase>
  <testcase name="testAddItemToCart" classname="testcases.TestHomePage" time="5.118">
    <system-err><![CDATA[Nov 02, 2024 12:29:04 PM org.openqa.selenium.devtools.CdpVersionFinder findNearestMatch
WARNING: Unable to find an exact match for CDP version 130, returning the closest version; found: 129; Please update to a Selenium version that supports CDP version 130
]]></system-err>
  </testcase>
  <testcase name="testNavigateToCartPage" classname="testcases.TestHomePage" time="7.504">
    <system-err><![CDATA[Nov 02, 2024 12:29:13 PM org.openqa.selenium.devtools.CdpVersionFinder findNearestMatch
WARNING: Unable to find an exact match for CDP version 130, returning the closest version; found: 129; Please update to a Selenium version that supports CDP version 130
]]></system-err>
  </testcase>
  <testcase name="shippingPageInfoTest" classname="testcases.TestCartPage" time="7.191">
    <system-out><![CDATA[PASSED: testcases.TestHomePage.testNavigateToCartPage
        Navigate to the cart page
PASSED: testcases.TestHomePage.testScrollToWriterListAndHover
        Scroll to writer list and hover over the writer list
PASSED: testcases.TestHomePage.testNavigateToHomePageAndHandlePopup
        Navigate to home page and handle the popup
PASSED: testcases.TestHomePage.testNavigateToNextPage
        Navigate to the next page
PASSED: testcases.TestHomePage.testAddItemToCart
        Add an item to the cart

===============================================
    TestHomePage - homePageUrlAndPopupBannerTest
    Tests run: 5, Failures: 0, Skips: 0
===============================================

]]></system-out>
    <system-err><![CDATA[Nov 02, 2024 12:29:24 PM org.openqa.selenium.devtools.CdpVersionFinder findNearestMatch
WARNING: Unable to find an exact match for CDP version 130, returning the closest version; found: 129; Please update to a Selenium version that supports CDP version 130
]]></system-err>
  </testcase>
  <testcase name="testLogOut" classname="testcases.TestCartPage" time="8.081">
    <system-err><![CDATA[Nov 02, 2024 12:29:36 PM org.openqa.selenium.devtools.CdpVersionFinder findNearestMatch
WARNING: Unable to find an exact match for CDP version 130, returning the closest version; found: 129; Please update to a Selenium version that supports CDP version 130
]]></system-err>
  </testcase>
</testsuite>