<?xml version="1.0" encoding="UTF-8"?>
<!-- Generated by org.testng.reporters.JUnitXMLReporter -->
<testsuite ignored="0" hostname="talha0x" failures="0" tests="2" name="TestCartPage - shippingPageInfoTest" time="22.636" errors="0" timestamp="2024-11-02T12:29:45 BDT">
  <testcase classname="testcases.TestCartPage" name="shippingPageInfoTest" time="7.19"/>
  <testcase classname="testcases.TestCartPage" name="testLogOut" time="8.078"/>
</testsuite> <!-- TestCartPage - shippingPageInfoTest -->
