<?xml version="1.0" encoding="UTF-8"?>
<!-- Generated by org.testng.reporters.JUnitXMLReporter -->
<testsuite ignored="0" hostname="talha0x" failures="0" tests="5" name="TestHomePage - homePageUrlAndPopupBannerTest" time="105.734" errors="0" timestamp="2024-11-02T12:29:22 BDT">
  <testcase classname="testcases.TestHomePage" name="testNavigateToHomePageAndHandlePopup" time="19.183"/>
  <testcase classname="testcases.TestHomePage" name="testScrollToWriterListAndHover" time="34.121"/>
  <testcase classname="testcases.TestHomePage" name="testNavigateToNextPage" time="9.614"/>
  <testcase classname="testcases.TestHomePage" name="testAddItemToCart" time="5.115"/>
  <testcase classname="testcases.TestHomePage" name="testNavigateToCartPage" time="7.5"/>
</testsuite> <!-- TestHomePage - homePageUrlAndPopupBannerTest -->
